memory profiling: sample.interval=20000
:4077938:11363948:306564664:20:"grepl" ".rs.extractRCode" "stopifnot" "sample.int" "sample" "tune" "tune.svm" "withCallingHandlers" "suppressWarnings" 
:4088755:11939027:308546336:1292:"t.default" "t" "t" "svm.default" "svm.formula" "svm" "do.call" "tune" "tune.svm" "withCallingHandlers" "suppressWarnings" 
:4097280:12069689:310129680:734:"[.data.frame" "[" "na.omit.data.frame" "na.omit" ".External2" "model.frame.default" "model.frame" "model.matrix.default" "model.matrix" "predict.svm" "predict.func" "tune" "tune.svm" "withCallingHandlers" "suppressWarnings" 
:4108022:12376530:312357752:1666:"as.vector" "as.data.frame.matrix" "as.data.frame" "data.frame" "na.action" "svm.default" "svm.formula" "svm" "do.call" "tune" "tune.svm" "withCallingHandlers" "suppressWarnings" 
:4125205:13024266:315985992:2689:".deparseOpts" "deparse" "data.frame" "na.action" "svm.default" "svm.formula" "svm" "do.call" "tune" "tune.svm" "withCallingHandlers" "suppressWarnings" 
:3532721:11308127:218825824:1322:"$" "predict.svm" "predict.func" "tune" "tune.svm" "withCallingHandlers" "suppressWarnings" 
:3556556:12162873:223878312:3770:"<Anonymous>" "[[.data.frame" "[[" "[.data.frame" "[" "na.omit.data.frame" "<Anonymous>" ".External2" "model.frame.default" "stats::model.frame" "eval" "eval" "svm.formula" "svm" "do.call" "tune" "tune.svm" "withCallingHandlers" "suppressWarnings" 
:3577026:13090144:228061680:3084:"as.vector" "as.data.frame.matrix" "as.data.frame" "data.frame" "na.action" "svm.default" "svm.formula" "svm" "do.call" "tune" "tune.svm" "withCallingHandlers" "suppressWarnings" 
:3594332:13782266:231712712:2707:"as.vector" "as.data.frame.matrix" "as.data.frame" "data.frame" "na.action" "svm.default" "svm.formula" "svm" "do.call" "tune" "tune.svm" "withCallingHandlers" "suppressWarnings" 
:3604203:14269630:233825648:1581:"model.frame.default" "model.frame" "model.response" "resp" "tune" "tune.svm" "withCallingHandlers" "suppressWarnings" 
:3604203:14269630:233825648:0:"model.frame.default" "model.frame" "model.response" "resp" "tune" "tune.svm" "withCallingHandlers" "suppressWarnings" 
:3604203:14269630:233825648:0:"model.frame.default" "model.frame" "model.response" "resp" "tune" "tune.svm" "withCallingHandlers" "suppressWarnings" 
:3629009:15229545:239034432:3846:"as.vector" "as.data.frame.matrix" "as.data.frame" "data.frame" "na.action" "svm.default" "svm.formula" "svm" "do.call" "tune" "tune.svm" "withCallingHandlers" "suppressWarnings" 
:3632087:15553230:239706712:391:"t.default" "t" "t" "svm.default" "svm.formula" "svm" "do.call" "tune" "tune.svm" "withCallingHandlers" "suppressWarnings" 
:3647668:12710695:243091688:2600:"unlist" "as.matrix.data.frame" "as.matrix" "svm.default" "svm.formula" "svm" "do.call" "tune" "tune.svm" "withCallingHandlers" "suppressWarnings" 
:3558779:12321014:224035728:5175:"as.vector" "as.data.frame.matrix" "as.data.frame" "data.frame" "na.action" "svm.default" "svm.formula" "svm" "do.call" "tune" "tune.svm" "withCallingHandlers" "suppressWarnings" 
:3586131:13520470:229846232:4311:"makepredictcall" "model.frame.default" "model.frame" "model.response" "resp" "tune" "tune.svm" "withCallingHandlers" "suppressWarnings" 
:3614149:14886851:235743200:4298:"$" "paste" "predict.svm" "predict" "na.action" "svm.default" "svm.formula" "svm" "do.call" "tune" "tune.svm" "withCallingHandlers" "suppressWarnings" 
:3645500:15979826:242352880:4967:"as.vector" "as.data.frame.matrix" "as.data.frame" "data.frame" "na.action" "svm.default" "svm.formula" "svm" "do.call" "tune" "tune.svm" "withCallingHandlers" "suppressWarnings" 
:3545190:12099152:221176704:3234:"[.data.frame" "[" "predict.svm" "predict.func" "tune" "tune.svm" "withCallingHandlers" "suppressWarnings" 
:3584512:13644099:229645640:6360:".External" "terms.formula" "terms" "model.frame.default" "model.frame" "model.response" "resp" "tune" "tune.svm" "withCallingHandlers" "suppressWarnings" 
:3610775:14547752:235007696:3942:"c" ".deparseOpts" "deparse" "paste" "deparse1" "force" "as.data.frame.factor" "as.data.frame" "data.frame" "na.action" "svm.default" "svm.formula" "svm" "do.call" "tune" "tune.svm" "withCallingHandlers" "suppressWarnings" 
:3630266:15554408:239188488:3051:"FUN" "apply" "svm.default" "svm.formula" "svm" "do.call" "tune" "tune.svm" "withCallingHandlers" "suppressWarnings" 
:3533110:11622718:218782200:3612:"sys.call" "%in%" "[[.data.frame" "[[" "model.matrix.default" "model.matrix" "predict.svm" "predict.func" "tune" "tune.svm" "withCallingHandlers" "suppressWarnings" 
:3578602:13451198:228350080:7110:"[.data.frame" "[" "na.omit.data.frame" "na.action" "svm.default" "svm.formula" "svm" "do.call" "tune" "tune.svm" "withCallingHandlers" "suppressWarnings" 
:3615594:15113436:236130104:5620:"svm.default" "svm.formula" "svm" "do.call" "tune" "tune.svm" "withCallingHandlers" "suppressWarnings" 
:3644182:16112678:242248048:4676:"[.data.frame" "[" "na.omit.data.frame" "<Anonymous>" ".External2" "model.frame.default" "stats::model.frame" "eval" "eval" "svm.formula" "svm" "do.call" "tune" "tune.svm" "withCallingHandlers" "suppressWarnings" 
:3546958:12228636:221449312:3131:"as.vector" "as.data.frame.matrix" "as.data.frame" "data.frame" "na.action" "svm.default" "svm.formula" "svm" "do.call" "tune" "tune.svm" "withCallingHandlers" "suppressWarnings" 
:3581675:13723754:228786152:5437:"as.vector" "as.data.frame.matrix" "as.data.frame" "data.frame" "na.action" "svm.default" "svm.formula" "svm" "do.call" "tune" "tune.svm" "withCallingHandlers" "suppressWarnings" 
:3616373:15195332:236115432:5432:"as.vector" "as.data.frame.matrix" "as.data.frame" "data.frame" "na.action" "svm.default" "svm.formula" "svm" "do.call" "tune" "tune.svm" "withCallingHandlers" "suppressWarnings" 
:3636356:16116694:240365328:3032:"is.data.frame" "colnames" "sQuote" "paste" "paste" "warning" "svm.default" "svm.formula" "svm" "do.call" "tune" "tune.svm" "withCallingHandlers" "suppressWarnings" 
:3466929:7115291:217907032:2379:"as.vector" "as.data.frame.matrix" "as.data.frame" "data.frame" "na.action" "svm.default" "svm.formula" "svm" "do.call" "tune" "tune.svm" "withCallingHandlers" "suppressWarnings" 
:3487630:8276749:222297936:3152:".C" "predict.svm" "predict" "na.action" "svm.default" "svm.formula" "svm" "do.call" "tune" "tune.svm" "withCallingHandlers" "suppressWarnings" 
:3518986:9287845:228898488:4991:"data.frame" "na.action" "svm.default" "svm.formula" "svm" "do.call" "tune" "tune.svm" "withCallingHandlers" "suppressWarnings" 
:3536417:10056761:232578080:2729:"as.vector" "as.data.frame.matrix" "as.data.frame" "data.frame" "na.action" "svm.default" "svm.formula" "svm" "do.call" "tune" "tune.svm" "withCallingHandlers" "suppressWarnings" 
:3561308:11261682:237993448:3994:"model.matrix.default" "model.matrix" "predict.svm" "predict.func" "tune" "tune.svm" "withCallingHandlers" "suppressWarnings" 
:3591115:12534971:244182624:4484:"as.character" "iconv" "sQuote" "paste" "paste" "warning" "svm.default" "svm.formula" "svm" "do.call" "tune" "tune.svm" "withCallingHandlers" "suppressWarnings" 
:3623016:13687060:250886160:5092:"as.vector" "as.data.frame.matrix" "as.data.frame" "data.frame" "na.action" "svm.default" "svm.formula" "svm" "do.call" "tune" "tune.svm" "withCallingHandlers" "suppressWarnings" 
:3648371:14940878:256412576:4122:"sys.call" "%in%" "[[.data.frame" "[[" "[.data.frame" "[" "is.data.frame" "model.frame.default" "model.frame" "model.response" "resp" "tune" "tune.svm" "withCallingHandlers" "suppressWarnings" 
:3665943:15688322:260156232:2773:".External" "terms.formula" "terms" "model.frame.default" "model.frame" "model.response" "resp" "tune" "tune.svm" "withCallingHandlers" "suppressWarnings" 
:3468683:7329864:218167600:3971:"as.vector" "as.data.frame.matrix" "as.data.frame" "data.frame" "na.action" "svm.default" "svm.formula" "svm" "do.call" "tune" "tune.svm" "withCallingHandlers" "suppressWarnings" 
:3497488:8607140:224425712:4644:".External" "terms.formula" "terms" "model.frame.default" "stats::model.frame" "eval" "eval" "svm.formula" "svm" "do.call" "tune" "tune.svm" "withCallingHandlers" "suppressWarnings" 
:3523756:9879160:229830776:3860:".C" "svm.default" "svm.formula" "svm" "do.call" "tune" "tune.svm" "withCallingHandlers" "suppressWarnings" 
:3555477:11065602:236509000:5091:"as.vector" "as.data.frame.matrix" "as.data.frame" "data.frame" "na.action" "svm.default" "svm.formula" "svm" "do.call" "tune" "tune.svm" "withCallingHandlers" "suppressWarnings" 
:3580528:12218384:241937304:4013:".C" "predict.svm" "predict.func" "tune" "tune.svm" "withCallingHandlers" "suppressWarnings" 
:3611946:13658055:248595032:4921:"[[" "[.data.frame" "[" "na.omit.data.frame" "na.action" "predict.svm" "predict.func" "tune" "tune.svm" "withCallingHandlers" "suppressWarnings" 
:3645580:15074904:255539536:5066:".C" "predict.svm" "predict" "na.action" "svm.default" "svm.formula" "svm" "do.call" "tune" "tune.svm" "withCallingHandlers" "suppressWarnings" 
:3676881:16079994:262132248:4992:"as.vector" "as.data.frame.matrix" "as.data.frame" "data.frame" "na.action" "svm.default" "svm.formula" "svm" "do.call" "tune" "tune.svm" "withCallingHandlers" "suppressWarnings" 
:3470455:7628982:218620976:2721:"as.vector" "as.data.frame.matrix" "as.data.frame" "data.frame" "na.action" "svm.default" "svm.formula" "svm" "do.call" "tune" "tune.svm" "withCallingHandlers" "suppressWarnings" 
:3504851:9060781:225917440:5402:"anyDuplicated.default" "anyDuplicated" "as.data.frame.factor" "as.data.frame" "data.frame" "na.action" "svm.default" "svm.formula" "svm" "do.call" "tune" "tune.svm" "withCallingHandlers" "suppressWarnings" 
:3525746:10249941:230335504:3178:".C" "predict.svm" "predict" "na.action" "svm.default" "svm.formula" "svm" "do.call" "tune" "tune.svm" "withCallingHandlers" "suppressWarnings" 
:3562088:11757302:238132888:5849:"vapply" "model.frame.default" "model.frame" "model.matrix.default" "model.matrix" "predict.svm" "predict.func" "tune" "tune.svm" "withCallingHandlers" "suppressWarnings" 
:3591945:12807150:244294960:4594:"as.vector" "as.data.frame.matrix" "as.data.frame" "data.frame" "na.action" "svm.default" "svm.formula" "svm" "do.call" "tune" "tune.svm" "withCallingHandlers" "suppressWarnings" 
:3626574:14220722:251606152:5423:"as.vector" "as.data.frame.matrix" "as.data.frame" "data.frame" "na.action" "svm.default" "svm.formula" "svm" "do.call" "tune" "tune.svm" "withCallingHandlers" "suppressWarnings" 
:3661228:15653498:258923336:5424:"as.vector" "as.data.frame.matrix" "as.data.frame" "data.frame" "na.action" "svm.default" "svm.formula" "svm" "do.call" "tune" "tune.svm" "withCallingHandlers" "suppressWarnings" 
:3462388:7257587:216951448:1974:".deparseOpts" "deparse" "paste" "FUN" "vapply" "model.frame.default" "stats::model.frame" "eval" "eval" "svm.formula" "svm" "do.call" "tune" "tune.svm" "withCallingHandlers" "suppressWarnings" 
:3489410:8653056:222701696:4240:"sys.call" "%in%" "[[.data.frame" "[[" "[.data.frame" "[" "na.omit.data.frame" "na.action" "predict.svm" "predict.func" "tune" "tune.svm" "withCallingHandlers" "suppressWarnings" 
:3536437:10341572:232523032:7310:"unique" "svm.formula" "svm" "do.call" "tune" "tune.svm" "withCallingHandlers" "suppressWarnings" 
:3564756:11631869:238517496:4440:"[[.data.frame" "[[" "na.omit.data.frame" "na.omit" ".External2" "model.frame.default" "model.frame" "model.response" "resp" "tune" "tune.svm" "withCallingHandlers" "suppressWarnings" 
:3590610:12793968:244012888:4052:"aperm.default" "aperm" "apply" "svm.default" "svm.formula" "svm" "do.call" "tune" "tune.svm" "withCallingHandlers" "suppressWarnings" 
:3626776:14375335:251597024:5499:".C" "svm.default" "svm.formula" "svm" "do.call" "tune" "tune.svm" "withCallingHandlers" "suppressWarnings" 
:3657926:15457018:258182288:5024:"unique" "svm.formula" "svm" "do.call" "tune" "tune.svm" "withCallingHandlers" "suppressWarnings" 
:3672602:9826879:261374064:2374:"[.data.frame" "[" "na.omit.data.frame" "<Anonymous>" ".External2" "model.frame.default" "stats::model.frame" "eval" "eval" "svm.formula" "svm" "do.call" "tune" "tune.svm" "withCallingHandlers" "suppressWarnings" 
:3457463:7419232:215711832:478:"na.omit.data.frame" "na.action" "svm.default" "svm.formula" "svm" "do.call" "tune" "tune.svm" "withCallingHandlers" "suppressWarnings" 
:3480312:8524308:220548608:3559:"deparse" "paste" "FUN" "vapply" "model.frame.default" "model.frame" "model.matrix.default" "model.matrix" "predict.svm" "predict.func" "tune" "tune.svm" "withCallingHandlers" "suppressWarnings" 
:3509275:9593356:226616040:4523:"as.vector" "as.data.frame.matrix" "as.data.frame" "data.frame" "na.action" "svm.default" "svm.formula" "svm" "do.call" "tune" "tune.svm" "withCallingHandlers" "suppressWarnings" 
:3530438:10708172:231164192:3321:"[[" "na.omit.data.frame" "na.action" "predict.svm" "predict.func" "tune" "tune.svm" "withCallingHandlers" "suppressWarnings" 
:3564560:12132221:238304920:5245:".C" "predict.svm" "predict" "na.action" "svm.default" "svm.formula" "svm" "do.call" "tune" "tune.svm" "withCallingHandlers" "suppressWarnings" 
:3598941:13513756:245576744:5349:".C" "svm.default" "svm.formula" "svm" "do.call" "tune" "tune.svm" "withCallingHandlers" "suppressWarnings" 
:3619134:14370397:249861584:3285:"pmatch" ".deparseOpts" "deparse" "paste" "FUN" "vapply" "model.frame.default" "model.frame" "model.matrix.default" "model.matrix" "predict.svm" "predict.func" "tune" "tune.svm" "withCallingHandlers" "suppressWarnings" 
:3665296:16091474:259559944:7222:"as.vector" "as.data.frame.matrix" "as.data.frame" "data.frame" "na.action" "svm.default" "svm.formula" "svm" "do.call" "tune" "tune.svm" "withCallingHandlers" "suppressWarnings" 
:3471817:8102940:218794520:2735:"as.vector" "as.data.frame.matrix" "as.data.frame" "data.frame" "na.action" "svm.default" "svm.formula" "svm" "do.call" "tune" "tune.svm" "withCallingHandlers" "suppressWarnings" 
:3493337:9225227:223465312:3431:"[[.data.frame" "[[" "[.data.frame" "[" "na.omit.data.frame" "na.action" "predict.svm" "predict.func" "tune" "tune.svm" "withCallingHandlers" "suppressWarnings" 
:3541252:11034677:233477440:7444:"row.names<-" "data.frame" "na.action" "svm.default" "svm.formula" "svm" "do.call" "tune" "tune.svm" "withCallingHandlers" "suppressWarnings" 
:3561703:12108888:237811168:3122:".C" "predict.svm" "predict" "na.action" "svm.default" "svm.formula" "svm" "do.call" "tune" "tune.svm" "withCallingHandlers" "suppressWarnings" 
:3610422:13901411:248084480:7716:"as.vector" "as.data.frame.matrix" "as.data.frame" "data.frame" "na.action" "svm.default" "svm.formula" "svm" "do.call" "tune" "tune.svm" "withCallingHandlers" "suppressWarnings" 
:3630788:14950789:252409248:3063:".C" "svm.default" "svm.formula" "svm" "do.call" "tune" "tune.svm" "withCallingHandlers" "suppressWarnings" 
:3662568:16093373:259086352:5090:"as.vector" "as.data.frame.matrix" "as.data.frame" "data.frame" "na.action" "svm.default" "svm.formula" "svm" "do.call" "tune" "tune.svm" "withCallingHandlers" "suppressWarnings" 
:3472076:8203978:218816472:2719:"as.vector" "as.data.frame.matrix" "as.data.frame" "data.frame" "na.action" "svm.default" "svm.formula" "svm" "do.call" "tune" "tune.svm" "withCallingHandlers" "suppressWarnings" 
:3489359:8879813:222462072:2704:"as.vector" "as.data.frame.matrix" "as.data.frame" "data.frame" "na.action" "svm.default" "svm.formula" "svm" "do.call" "tune" "tune.svm" "withCallingHandlers" "suppressWarnings" 
:3524143:10430176:229819968:5449:"anyDuplicated.default" "anyDuplicated" ".rowNamesDF<-" "as.data.frame.matrix" "as.data.frame" "data.frame" "na.action" "svm.default" "svm.formula" "svm" "do.call" "tune" "tune.svm" "withCallingHandlers" "suppressWarnings" 
:3558794:11856228:237131216:5422:"as.vector" "as.data.frame.matrix" "as.data.frame" "data.frame" "na.action" "svm.default" "svm.formula" "svm" "do.call" "tune" "tune.svm" "withCallingHandlers" "suppressWarnings" 
:3593454:13278879:244445376:5422:"as.vector" "as.data.frame.matrix" "as.data.frame" "data.frame" "na.action" "svm.default" "svm.formula" "svm" "do.call" "tune" "tune.svm" "withCallingHandlers" "suppressWarnings" 
:3629771:14960129:252204120:5724:"apply" "svm.default" "svm.formula" "svm" "do.call" "tune" "tune.svm" "withCallingHandlers" "suppressWarnings" 
:3457568:7644976:215591936:5092:"svm.default" "svm.formula" "svm" "do.call" "tune" "tune.svm" "withCallingHandlers" "suppressWarnings" 
:3475263:8418150:219319576:2767:"as.vector" "as.data.frame.matrix" "as.data.frame" "data.frame" "na.action" "svm.default" "svm.formula" "svm" "do.call" "tune" "tune.svm" "withCallingHandlers" "suppressWarnings" 
:3509338:9837757:226565080:5373:"svm.formula" "svm" "do.call" "tune" "tune.svm" "withCallingHandlers" "suppressWarnings" 
:3544728:11415331:233999192:5503:"anyDuplicated.default" "anyDuplicated" ".rowNamesDF<-" "as.data.frame.matrix" "as.data.frame" "data.frame" "na.action" "svm.default" "svm.formula" "svm" "do.call" "tune" "tune.svm" "withCallingHandlers" "suppressWarnings" 
:3591285:13330449:243947592:7371:"deparse" "paste" "FUN" "vapply" "model.frame.default" "stats::model.frame" "eval" "eval" "svm.formula" "svm" "do.call" "tune" "tune.svm" "withCallingHandlers" "suppressWarnings" 
:3631470:14990027:252298704:6195:"as.vector" "as.data.frame.matrix" "as.data.frame" "data.frame" "na.action" "svm.default" "svm.formula" "svm" "do.call" "tune" "tune.svm" "withCallingHandlers" "suppressWarnings" 
:3455749:7803955:215290880:3216:"c" "svm.formula" "svm" "do.call" "tune" "tune.svm" "withCallingHandlers" "suppressWarnings" 
:3472823:8470415:218885128:2618:"na.omit.default" "na.action" "predict.svm" "predict" "na.action" "svm.default" "svm.formula" "svm" "do.call" "tune" "tune.svm" "withCallingHandlers" "suppressWarnings" 
:3504536:9646914:225569232:5053:"anyDuplicated.default" "anyDuplicated" "data.frame" "na.action" "svm.default" "svm.formula" "svm" "do.call" "tune" "tune.svm" "withCallingHandlers" "suppressWarnings" 
:3529808:10817140:231103936:4145:"is.data.frame" "model.frame.default" "model.frame" "model.response" "resp" "tune" "tune.svm" "withCallingHandlers" "suppressWarnings" 
:3562186:12227057:237791904:4891:"deparse" "paste" "FUN" "vapply" "model.frame.default" "model.frame" "model.matrix.default" "model.matrix" "predict.svm" "predict.func" "tune" "tune.svm" "withCallingHandlers" "suppressWarnings" 
:3591210:13296407:243868968:4536:"as.vector" "as.data.frame.matrix" "as.data.frame" "data.frame" "na.action" "svm.default" "svm.formula" "svm" "do.call" "tune" "tune.svm" "withCallingHandlers" "suppressWarnings" 
:3625787:14743786:251190688:5427:"as.vector" "as.data.frame.matrix" "as.data.frame" "data.frame" "na.action" "svm.default" "svm.formula" "svm" "do.call" "tune" "tune.svm" "withCallingHandlers" "suppressWarnings" 
:3656015:15944844:257590256:4739:".deparseOpts" "deparse" "paste" "FUN" "vapply" "model.frame.default" "stats::model.frame" "eval" "eval" "svm.formula" "svm" "do.call" "tune" "tune.svm" "withCallingHandlers" "suppressWarnings" 
:3463926:8356292:217104216:1958:"FUN" "vapply" "model.matrix.default" "model.matrix" "predict.svm" "predict.func" "tune" "tune.svm" "withCallingHandlers" "suppressWarnings" 
:3484919:9140805:221536336:3311:"diag" "classAgreement" "tune" "tune.svm" "withCallingHandlers" "suppressWarnings" 
:3516577:10586618:228253312:5002:"%in%" "[[.data.frame" "[[" "[.data.frame" "[" "is.data.frame" "model.frame.default" "model.frame" "model.response" "resp" "tune" "tune.svm" "withCallingHandlers" "suppressWarnings" 
:3542509:11438997:233586976:3924:".External2" "model.matrix.default" "model.matrix" "svm.formula" "svm" "do.call" "tune" "tune.svm" "withCallingHandlers" "suppressWarnings" 
:3563614:12605298:238015344:3134:".C" "svm.default" "svm.formula" "svm" "do.call" "tune" "tune.svm" "withCallingHandlers" "suppressWarnings" 
:3601899:14195322:246123472:6128:"%in%" "[[.data.frame" "[[" "na.omit.data.frame" "na.omit" ".External2" "model.frame.default" "model.frame" "model.matrix.default" "model.matrix" "predict.svm" "predict.func" "tune" "tune.svm" "withCallingHandlers" "suppressWarnings" 
:3616250:14894334:249144112:2207:"[[.data.frame" "[[" "[.data.frame" "[" "predict.svm" "predict.func" "tune" "tune.svm" "withCallingHandlers" "suppressWarnings" 
:3648716:16094847:256067560:5169:"apply" "svm.default" "svm.formula" "svm" "do.call" "tune" "tune.svm" "withCallingHandlers" "suppressWarnings" 
:3466150:8295740:217496720:1641:".External" "terms.formula" "terms" "model.frame.default" "stats::model.frame" "eval" "eval" "svm.formula" "svm" "do.call" "tune" "tune.svm" "withCallingHandlers" "suppressWarnings" 
:3506673:9920216:225879976:6198:"anyDuplicated.default" "anyDuplicated" "as.data.frame.factor" "as.data.frame" "data.frame" "na.action" "svm.default" "svm.formula" "svm" "do.call" "tune" "tune.svm" "withCallingHandlers" "suppressWarnings" 
:3531737:11164408:231321328:4027:"vapply" "model.matrix.default" "model.matrix" "predict.svm" "predict.func" "tune" "tune.svm" "withCallingHandlers" "suppressWarnings" 
:3559138:12227817:236953360:4177:"data.frame" "na.action" "svm.default" "svm.formula" "svm" "do.call" "tune" "tune.svm" "withCallingHandlers" "suppressWarnings" 
:3596839:14033291:244950608:5837:".C" "predict.svm" "predict" "na.action" "svm.default" "svm.formula" "svm" "do.call" "tune" "tune.svm" "withCallingHandlers" "suppressWarnings" 
:3631531:15494970:252276864:5430:".C" "predict.svm" "predict" "na.action" "svm.default" "svm.formula" "svm" "do.call" "tune" "tune.svm" "withCallingHandlers" "suppressWarnings" 
:3648487:9256848:255873296:2634:"t.default" "t" "svm.default" "svm.formula" "svm" "do.call" "tune" "tune.svm" "withCallingHandlers" "suppressWarnings" 
:3488377:9237425:222041680:5082:"as.vector" "as.data.frame.matrix" "as.data.frame" "data.frame" "na.action" "svm.default" "svm.formula" "svm" "do.call" "tune" "tune.svm" "withCallingHandlers" "suppressWarnings" 
:3526093:11042131:230037192:5786:".C" "svm.default" "svm.formula" "svm" "do.call" "tune" "tune.svm" "withCallingHandlers" "suppressWarnings" 
:3561084:12583836:237417880:5511:".C" "predict.svm" "predict" "na.action" "svm.default" "svm.formula" "svm" "do.call" "tune" "tune.svm" "withCallingHandlers" "suppressWarnings" 
:3588449:13424679:243191200:4357:"eval" "model.frame.default" "stats::model.frame" "eval" "eval" "svm.formula" "svm" "do.call" "tune" "tune.svm" "withCallingHandlers" "suppressWarnings" 
:3611512:14587470:248139136:3649:"apply" "svm.default" "svm.formula" "svm" "do.call" "tune" "tune.svm" "withCallingHandlers" "suppressWarnings" 
:3630468:15504038:252070336:2854:".C" "predict.svm" "predict" "na.action" "svm.default" "svm.formula" "svm" "do.call" "tune" "tune.svm" "withCallingHandlers" "suppressWarnings" 
:3457333:8349456:215472936:2715:".C" "predict.svm" "predict" "na.action" "svm.default" "svm.formula" "svm" "do.call" "tune" "tune.svm" "withCallingHandlers" "suppressWarnings" 
